Watching for file changes with StatReloader
System check identified some issues:

WARNINGS:
todos.Todo: (models.W042) Auto-created primary key used when not defining a primary key type, by default 'django.db.models.AutoField'.
	HINT: Configure the DEFAULT_AUTO_FIELD setting or the TodosConfig.default_auto_field attribute to point to a subclass of AutoField, e.g. 'django.db.models.BigAutoField'.

System check identified 1 issue (0 silenced).
[18/Mar/2024 19:29:33] "GET / HTTP/1.1" 302 0
[18/Mar/2024 19:29:33] "GET /todos HTTP/1.1" 301 0
[18/Mar/2024 19:29:33] "GET /todos/ HTTP/1.1" 200 4103
Performing system checks...

March 18, 2024 - 19:29:01
Django version 5.0.3, using settings 'todoApp.settings'
Starting development server at http://0.0.0.0:8001/
Quit the server with CONTROL-C.

Watching for file changes with StatReloader
System check identified some issues:

WARNINGS:
todos.Todo: (models.W042) Auto-created primary key used when not defining a primary key type, by default 'django.db.models.AutoField'.
	HINT: Configure the DEFAULT_AUTO_FIELD setting or the TodosConfig.default_auto_field attribute to point to a subclass of AutoField, e.g. 'django.db.models.BigAutoField'.

System check identified 1 issue (0 silenced).
[18/Mar/2024 19:34:05] "GET /todos/ HTTP/1.1" 200 4103
[18/Mar/2024 19:34:05] "GET /static/css/style.css HTTP/1.1" 304 0
